INFO:root:Дата и время вызова функци: 2023-10-29 20:42:45.954049, 
 функция - hello_world, 
 аргументы () и {}, 
 результат: Hello World
INFO:root:Дата и время вызова функци: 2023-10-29 20:42:45.969683, 
 функция - summator, 
 аргументы (2, 2) и {}, 
 результат: 4
INFO:root:Дата и время вызова функци: 2023-10-29 20:42:45.969683, 
 функция - div, 
 аргументы (6, 2) и {}, 
 результат: 3.0
INFO:root:Дата и время вызова функци: 2023-10-29 20:42:45.969683, 
 функция - summator, 
 аргументы (4.3,) и {'b': 2.2}, 
 результат: 6.5
INFO:root:Дата и время вызова функци: 2023-10-29 20:42:45.969683, 
 функция - summator, 
 аргументы () и {'a': 0, 'b': 0}, 
 результат: 0
